d:\college\second year\interactive media - 3d graphics programming\valcourt_hugo_legoblock\lighting5_specular\glfw_window\x64\debug\vc141.pdb
d:\college\second year\interactive media - 3d graphics programming\valcourt_hugo_legoblock\lighting5_specular\glfw_window\x64\debug\vc141.idb
d:\college\second year\interactive media - 3d graphics programming\valcourt_hugo_legoblock\lighting5_specular\glfw_window\x64\debug\config.obj
d:\college\second year\interactive media - 3d graphics programming\valcourt_hugo_legoblock\lighting5_specular\glfw_window\x64\debug\cube.obj
d:\college\second year\interactive media - 3d graphics programming\valcourt_hugo_legoblock\lighting5_specular\glfw_window\x64\debug\glslprogram.obj
d:\college\second year\interactive media - 3d graphics programming\valcourt_hugo_legoblock\lighting5_specular\glfw_window\x64\debug\glutils.obj
d:\college\second year\interactive media - 3d graphics programming\valcourt_hugo_legoblock\lighting5_specular\glfw_window\x64\debug\joystick.obj
d:\college\second year\interactive media - 3d graphics programming\valcourt_hugo_legoblock\lighting5_specular\glfw_window\x64\debug\logger.obj
d:\college\second year\interactive media - 3d graphics programming\valcourt_hugo_legoblock\lighting5_specular\glfw_window\x64\debug\main.obj
d:\college\second year\interactive media - 3d graphics programming\valcourt_hugo_legoblock\lighting5_specular\glfw_window\x64\debug\mesh.obj
d:\college\second year\interactive media - 3d graphics programming\valcourt_hugo_legoblock\lighting5_specular\glfw_window\x64\debug\texturemanager.obj
d:\college\second year\interactive media - 3d graphics programming\valcourt_hugo_legoblock - lightarray\lighting5_specular\glfw_window\x64\debug\vc141.pdb
d:\college\second year\interactive media - 3d graphics programming\valcourt_hugo_legoblock - lightarray\lighting5_specular\glfw_window\x64\debug\vc141.idb
d:\college\second year\interactive media - 3d graphics programming\valcourt_hugo_legoblock - lightarray\lighting5_specular\glfw_window\x64\debug\config.obj
d:\college\second year\interactive media - 3d graphics programming\valcourt_hugo_legoblock - lightarray\lighting5_specular\glfw_window\x64\debug\cube.obj
d:\college\second year\interactive media - 3d graphics programming\valcourt_hugo_legoblock - lightarray\lighting5_specular\glfw_window\x64\debug\glslprogram.obj
d:\college\second year\interactive media - 3d graphics programming\valcourt_hugo_legoblock - lightarray\lighting5_specular\glfw_window\x64\debug\glutils.obj
d:\college\second year\interactive media - 3d graphics programming\valcourt_hugo_legoblock - lightarray\lighting5_specular\glfw_window\x64\debug\joystick.obj
d:\college\second year\interactive media - 3d graphics programming\valcourt_hugo_legoblock - lightarray\lighting5_specular\glfw_window\x64\debug\logger.obj
d:\college\second year\interactive media - 3d graphics programming\valcourt_hugo_legoblock - lightarray\lighting5_specular\glfw_window\x64\debug\mesh.obj
d:\college\second year\interactive media - 3d graphics programming\valcourt_hugo_legoblock - lightarray\lighting5_specular\glfw_window\x64\debug\texturemanager.obj
d:\college\second year\interactive media - 3d graphics programming\valcourt_hugo_legoblock - lightarray\lighting5_specular\glfw_window\x64\debug\main.obj
d:\college\second year\interactive media - 3d graphics programming\valcourt_hugo_legoblock\lighting5_specular\x64\debug\glfw_window.exe
d:\college\second year\interactive media - 3d graphics programming\valcourt_hugo_legoblock\lighting5_specular\x64\debug\glfw_window.ilk
d:\college\second year\interactive media - 3d graphics programming\valcourt_hugo_legoblock\lighting5_specular\x64\debug\glfw_window.pdb
d:\college\second year\interactive media - 3d graphics programming\valcourt_hugo_legoblock - lightarray\lighting5_specular\x64\debug\glfw_window.exe
d:\college\second year\interactive media - 3d graphics programming\valcourt_hugo_legoblock - lightarray\lighting5_specular\x64\debug\glfw_window.ilk
d:\college\second year\interactive media - 3d graphics programming\valcourt_hugo_legoblock - lightarray\lighting5_specular\x64\debug\glfw_window.pdb
d:\college\second year\interactive media - 3d graphics programming\valcourt_hugo_legoblock - lightarray\lighting5_specular\glfw_window\x64\debug\glfw_window.tlog\cl.command.1.tlog
d:\college\second year\interactive media - 3d graphics programming\valcourt_hugo_legoblock - lightarray\lighting5_specular\glfw_window\x64\debug\glfw_window.tlog\cl.read.1.tlog
d:\college\second year\interactive media - 3d graphics programming\valcourt_hugo_legoblock - lightarray\lighting5_specular\glfw_window\x64\debug\glfw_window.tlog\cl.write.1.tlog
d:\college\second year\interactive media - 3d graphics programming\valcourt_hugo_legoblock - lightarray\lighting5_specular\glfw_window\x64\debug\glfw_window.tlog\link.command.1.tlog
d:\college\second year\interactive media - 3d graphics programming\valcourt_hugo_legoblock - lightarray\lighting5_specular\glfw_window\x64\debug\glfw_window.tlog\link.read.1.tlog
d:\college\second year\interactive media - 3d graphics programming\valcourt_hugo_legoblock - lightarray\lighting5_specular\glfw_window\x64\debug\glfw_window.tlog\link.write.1.tlog
