d:\college\second year\interactive media - 3d graphics programming\valcourt_hugo_legoblock - lightarray\lighting5_specular\glfw_window\x64\release\vc141.pdb
d:\college\second year\interactive media - 3d graphics programming\valcourt_hugo_legoblock - lightarray\lighting5_specular\glfw_window\x64\release\texturemanager.obj
d:\college\second year\interactive media - 3d graphics programming\valcourt_hugo_legoblock - lightarray\lighting5_specular\glfw_window\x64\release\mesh.obj
d:\college\second year\interactive media - 3d graphics programming\valcourt_hugo_legoblock - lightarray\lighting5_specular\glfw_window\x64\release\main.obj
d:\college\second year\interactive media - 3d graphics programming\valcourt_hugo_legoblock - lightarray\lighting5_specular\glfw_window\x64\release\logger.obj
d:\college\second year\interactive media - 3d graphics programming\valcourt_hugo_legoblock - lightarray\lighting5_specular\glfw_window\x64\release\joystick.obj
d:\college\second year\interactive media - 3d graphics programming\valcourt_hugo_legoblock - lightarray\lighting5_specular\glfw_window\x64\release\glutils.obj
d:\college\second year\interactive media - 3d graphics programming\valcourt_hugo_legoblock - lightarray\lighting5_specular\glfw_window\x64\release\glslprogram.obj
d:\college\second year\interactive media - 3d graphics programming\valcourt_hugo_legoblock - lightarray\lighting5_specular\glfw_window\x64\release\cube.obj
d:\college\second year\interactive media - 3d graphics programming\valcourt_hugo_legoblock - lightarray\lighting5_specular\glfw_window\x64\release\config.obj
d:\college\second year\interactive media - 3d graphics programming\valcourt_hugo_legoblock - lightarray\lighting5_specular\x64\release\legowithlightarrays.ipdb
d:\college\second year\interactive media - 3d graphics programming\valcourt_hugo_legoblock - lightarray\lighting5_specular\x64\release\legowithlightarrays.iobj
d:\college\second year\interactive media - 3d graphics programming\valcourt_hugo_legoblock - lightarray\lighting5_specular\x64\release\legowithlightarrays.exe
d:\college\second year\interactive media - 3d graphics programming\valcourt_hugo_legoblock - lightarray\lighting5_specular\x64\release\legowithlightarrays.pdb
d:\college\second year\interactive media - 3d graphics programming\valcourt_hugo_legoblock - lightarray\lighting5_specular\glfw_window\x64\release\legowith.625d211c.tlog\cl.command.1.tlog
d:\college\second year\interactive media - 3d graphics programming\valcourt_hugo_legoblock - lightarray\lighting5_specular\glfw_window\x64\release\legowith.625d211c.tlog\cl.read.1.tlog
d:\college\second year\interactive media - 3d graphics programming\valcourt_hugo_legoblock - lightarray\lighting5_specular\glfw_window\x64\release\legowith.625d211c.tlog\cl.write.1.tlog
d:\college\second year\interactive media - 3d graphics programming\valcourt_hugo_legoblock - lightarray\lighting5_specular\glfw_window\x64\release\legowith.625d211c.tlog\legowithlightarrays.write.1u.tlog
d:\college\second year\interactive media - 3d graphics programming\valcourt_hugo_legoblock - lightarray\lighting5_specular\glfw_window\x64\release\legowith.625d211c.tlog\link.command.1.tlog
d:\college\second year\interactive media - 3d graphics programming\valcourt_hugo_legoblock - lightarray\lighting5_specular\glfw_window\x64\release\legowith.625d211c.tlog\link.read.1.tlog
d:\college\second year\interactive media - 3d graphics programming\valcourt_hugo_legoblock - lightarray\lighting5_specular\glfw_window\x64\release\legowith.625d211c.tlog\link.write.1.tlog
